<?xml version="1.0" encoding="UTF-8"?>
<!-- Generated by org.testng.reporters.JUnitXMLReporter -->
<testsuite hostname="Ibrahims-MBP" ignored="1" name="Default test" tests="3" failures="0" timestamp="2020-10-15T12:09:38 EDT" time="11.739" errors="0">
  <testcase name="verifyloginPageTitle" time="0.018" classname="com.qa.orangehrm.tests.LoginPageTest"/>
  <testcase name="verifyForgetPassLink" time="0.044" classname="com.qa.orangehrm.tests.LoginPageTest"/>
  <testcase name="loginTest" time="1.719" classname="com.qa.orangehrm.tests.LoginPageTest"/>
  <testcase name="login_InvalidTestCase" time="0.0" classname="com.qa.orangehrm.tests.LoginPageTest">
    <ignored/>
  </testcase> <!-- login_InvalidTestCase -->
</testsuite> <!-- Default test -->
