<?xml version="1.0" encoding="UTF-8"?>
<!-- Generated by org.testng.reporters.JUnitXMLReporter -->
<testsuite hostname="Ibrahims-MBP" ignored="6" name="Orange HRM Smoke Test" tests="1" failures="0" timestamp="2020-10-13T12:30:46 EDT" time="5.644" errors="0">
  <testcase name="loginTest" time="2.554" classname="com.qa.orangehrm.tests.LoginPageTest"/>
  <testcase name="verifyloginPageTitle" time="0.0" classname="com.qa.orangehrm.tests.LoginPageTest">
    <ignored/>
  </testcase> <!-- verifyloginPageTitle -->
  <testcase name="verifyHomePageHeader" time="0.0" classname="com.qa.orangehrm.tests.HomePageTest">
    <ignored/>
  </testcase> <!-- verifyHomePageHeader -->
  <testcase name="verifyHomePageTitle" time="0.0" classname="com.qa.orangehrm.tests.HomePageTest">
    <ignored/>
  </testcase> <!-- verifyHomePageTitle -->
  <testcase name="verifyAuthentication" time="0.0" classname="com.qa.orangehrm.tests.HomePageTest">
    <ignored/>
  </testcase> <!-- verifyAuthentication -->
  <testcase name="verifyForgetPassLink" time="0.0" classname="com.qa.orangehrm.tests.LoginPageTest">
    <ignored/>
  </testcase> <!-- verifyForgetPassLink -->
  <testcase name="verifyLoggedInUserAccount" time="0.0" classname="com.qa.orangehrm.tests.HomePageTest">
    <ignored/>
  </testcase> <!-- verifyLoggedInUserAccount -->
</testsuite> <!-- Orange HRM Smoke Test -->
