<?xml version="1.0" encoding="UTF-8"?>
<!-- Generated by org.testng.reporters.JUnitXMLReporter -->
<testsuite hostname="Ibrahims-MBP" ignored="1" name="Command line test" tests="2" failures="0" timestamp="14 Oct 2020 15:52:56 GMT" time="11.829" errors="0">
  <testcase name="verifyHomePageTitle" time="0.008" classname="com.qa.orangehrm.tests.HomePageTest"/>
  <testcase name="verifyloginPageTitle" time="0.004" classname="com.qa.orangehrm.tests.LoginPageTest"/>
  <testcase name="login_InvalidTestCase" time="0.0" classname="com.qa.orangehrm.tests.LoginPageTest">
    <ignored/>
  </testcase> <!-- login_InvalidTestCase -->
</testsuite> <!-- Command line test -->
