<?xml version="1.0" encoding="UTF-8"?>
<!-- Generated by org.testng.reporters.JUnitXMLReporter -->
<testsuite hostname="Ibrahims-MBP" ignored="1" name="Orange HRM Regression Tests -- firefox" tests="7" failures="0" timestamp="2020-10-19T09:42:47 EDT" time="24.845" errors="0">
  <testcase name="verifyHomePageTitle" time="0.01" classname="com.qa.orangehrm.tests.HomePageTest"/>
  <testcase name="verifyLoginPageTitle" time="0.012" classname="com.qa.orangehrm.tests.LoginPageTest"/>
  <testcase name="verifyHomePageHeader" time="0.032" classname="com.qa.orangehrm.tests.HomePageTest"/>
  <testcase name="verifyForgetPassLink" time="0.128" classname="com.qa.orangehrm.tests.LoginPageTest"/>
  <testcase name="verifyLoggedInUserAccount" time="0.025" classname="com.qa.orangehrm.tests.HomePageTest"/>
  <testcase name="verifyAuthentication" time="0.01" classname="com.qa.orangehrm.tests.HomePageTest"/>
  <testcase name="loginTest" time="1.308" classname="com.qa.orangehrm.tests.LoginPageTest"/>
  <testcase name="login_InvalidTestCase" time="0.0" classname="com.qa.orangehrm.tests.LoginPageTest">
    <ignored/>
  </testcase> <!-- login_InvalidTestCase -->
</testsuite> <!-- Orange HRM Regression Tests - firefox -->
