<?xml version="1.0" encoding="UTF-8"?>
<!-- Generated by org.testng.reporters.JUnitXMLReporter -->
<testsuite hostname="Ibrahims-MBP" ignored="1" name="Orange HRM regression Test" tests="7" failures="0" timestamp="2020-10-15T10:46:26 EDT" time="31.055" errors="0">
  <testcase name="verifyloginPageTitle" time="0.013" classname="com.qa.orangehrm.tests.LoginPageTest"/>
  <testcase name="verifyForgetPassLink" time="0.045" classname="com.qa.orangehrm.tests.LoginPageTest"/>
  <testcase name="loginTest" time="1.786" classname="com.qa.orangehrm.tests.LoginPageTest"/>
  <testcase name="verifyHomePageTitle" time="0.004" classname="com.qa.orangehrm.tests.HomePageTest"/>
  <testcase name="verifyHomePageHeader" time="0.021" classname="com.qa.orangehrm.tests.HomePageTest"/>
  <testcase name="verifyLoggedInUserAccount" time="0.024" classname="com.qa.orangehrm.tests.HomePageTest"/>
  <testcase name="verifyAuthentication" time="0.005" classname="com.qa.orangehrm.tests.HomePageTest"/>
  <testcase name="login_InvalidTestCase" time="0.0" classname="com.qa.orangehrm.tests.LoginPageTest">
    <ignored/>
  </testcase> <!-- login_InvalidTestCase -->
</testsuite> <!-- Orange HRM regression Test -->
