<?xml version="1.0" encoding="UTF-8"?>
<testng-results skipped="0" failed="0" ignored="1" total="3" passed="2">
  <reporter-output>
  </reporter-output>
  <suite name="Command line suite" duration-ms="11829" started-at="2020-10-14T15:52:44Z" finished-at="2020-10-14T15:52:56Z">
    <groups>
    </groups>
    <test name="Command line test" duration-ms="11829" started-at="2020-10-14T15:52:44Z" finished-at="2020-10-14T15:52:56Z">
      <class name="com.qa.orangehrm.tests.LoginPageTest">
        <test-method status="PASS" signature="setUp()[pri:0, instance:com.qa.orangehrm.tests.LoginPageTest@7a5d012c]" name="setUp" is-config="true" duration-ms="2564" started-at="2020-10-14T15:52:53Z" finished-at="2020-10-14T15:52:56Z">
          <reporter-output>
          </reporter-output>
        </test-method> <!-- setUp -->
        <test-method status="PASS" signature="verifyloginPageTitle()[pri:1, instance:com.qa.orangehrm.tests.LoginPageTest@7a5d012c]" name="verifyloginPageTitle" duration-ms="4" started-at="2020-10-14T15:52:56Z" description="Verify page title " finished-at="2020-10-14T15:52:56Z">
          <reporter-output>
          </reporter-output>
        </test-method> <!-- verifyloginPageTitle -->
        <test-method status="PASS" signature="tearDown()[pri:0, instance:com.qa.orangehrm.tests.LoginPageTest@7a5d012c]" name="tearDown" is-config="true" duration-ms="80" started-at="2020-10-14T15:52:56Z" finished-at="2020-10-14T15:52:56Z">
          <reporter-output>
          </reporter-output>
        </test-method> <!-- tearDown -->
      </class> <!-- com.qa.orangehrm.tests.LoginPageTest -->
      <class name="com.qa.orangehrm.tests.HomePageTest">
        <test-method status="PASS" signature="setUp()[pri:0, instance:com.qa.orangehrm.tests.HomePageTest@3cda1055]" name="setUp" is-config="true" duration-ms="9067" started-at="2020-10-14T15:52:44Z" finished-at="2020-10-14T15:52:53Z">
          <reporter-output>
          </reporter-output>
        </test-method> <!-- setUp -->
        <test-method status="PASS" signature="verifyHomePageTitle()[pri:1, instance:com.qa.orangehrm.tests.HomePageTest@3cda1055]" name="verifyHomePageTitle" duration-ms="8" started-at="2020-10-14T15:52:53Z" description="Verify Home Page" finished-at="2020-10-14T15:52:53Z">
          <reporter-output>
          </reporter-output>
        </test-method> <!-- verifyHomePageTitle -->
        <test-method status="PASS" signature="tearDown()[pri:0, instance:com.qa.orangehrm.tests.HomePageTest@3cda1055]" name="tearDown" is-config="true" duration-ms="84" started-at="2020-10-14T15:52:53Z" finished-at="2020-10-14T15:52:53Z">
          <reporter-output>
          </reporter-output>
        </test-method> <!-- tearDown -->
      </class> <!-- com.qa.orangehrm.tests.HomePageTest -->
    </test> <!-- Command line test -->
  </suite> <!-- Command line suite -->
</testng-results>
