<?xml version="1.0" encoding="UTF-8"?>
<testng-results skipped="0" failed="0" ignored="2" total="16" passed="14">
  <reporter-output>
  </reporter-output>
  <suite name="Orange HRM Regression Suite" duration-ms="24845" started-at="2020-10-19T09:42:22 EDT" finished-at="2020-10-19T09:42:47 EDT">
    <groups>
    </groups>
    <test name="Orange HRM Regression Tests -- chrome" duration-ms="21904" started-at="2020-10-19T09:42:22 EDT" finished-at="2020-10-19T09:42:44 EDT">
      <class name="com.qa.orangehrm.tests.LoginPageTest">
        <test-method status="PASS" signature="setUp(java.lang.String)[pri:0, instance:com.qa.orangehrm.tests.LoginPageTest@13e698c7]" name="setUp" is-config="true" duration-ms="4401" started-at="2020-10-19T09:42:23 EDT" finished-at="2020-10-19T09:42:28 EDT">
          <params>
            <param index="0">
              <value>
                <![CDATA[chrome]]>
              </value>
            </param>
          </params>
          <reporter-output>
          </reporter-output>
        </test-method> <!-- setUp -->
        <test-method status="PASS" signature="verifyLoginPageTitle()[pri:1, instance:com.qa.orangehrm.tests.LoginPageTest@13e698c7]" name="verifyLoginPageTitle" duration-ms="70" started-at="2020-10-19T09:42:28 EDT" description="verify page title method" finished-at="2020-10-19T09:42:28 EDT">
          <reporter-output>
          </reporter-output>
        </test-method> <!-- verifyLoginPageTitle -->
        <test-method status="PASS" signature="tearDown()[pri:0, instance:com.qa.orangehrm.tests.LoginPageTest@13e698c7]" name="tearDown" is-config="true" duration-ms="98" started-at="2020-10-19T09:42:28 EDT" finished-at="2020-10-19T09:42:28 EDT">
          <reporter-output>
          </reporter-output>
        </test-method> <!-- tearDown -->
        <test-method status="PASS" signature="setUp(java.lang.String)[pri:0, instance:com.qa.orangehrm.tests.LoginPageTest@13e698c7]" name="setUp" is-config="true" duration-ms="4149" started-at="2020-10-19T09:42:28 EDT" finished-at="2020-10-19T09:42:32 EDT">
          <params>
            <param index="0">
              <value>
                <![CDATA[chrome]]>
              </value>
            </param>
          </params>
          <reporter-output>
          </reporter-output>
        </test-method> <!-- setUp -->
        <test-method status="PASS" signature="verifyForgetPassLink()[pri:2, instance:com.qa.orangehrm.tests.LoginPageTest@13e698c7]" name="verifyForgetPassLink" duration-ms="50" started-at="2020-10-19T09:42:32 EDT" description="verify forget password link method" finished-at="2020-10-19T09:42:32 EDT">
          <reporter-output>
          </reporter-output>
        </test-method> <!-- verifyForgetPassLink -->
        <test-method status="PASS" signature="tearDown()[pri:0, instance:com.qa.orangehrm.tests.LoginPageTest@13e698c7]" name="tearDown" is-config="true" duration-ms="86" started-at="2020-10-19T09:42:32 EDT" finished-at="2020-10-19T09:42:32 EDT">
          <reporter-output>
          </reporter-output>
        </test-method> <!-- tearDown -->
        <test-method status="PASS" signature="setUp(java.lang.String)[pri:0, instance:com.qa.orangehrm.tests.LoginPageTest@13e698c7]" name="setUp" is-config="true" duration-ms="2398" started-at="2020-10-19T09:42:32 EDT" finished-at="2020-10-19T09:42:35 EDT">
          <params>
            <param index="0">
              <value>
                <![CDATA[chrome]]>
              </value>
            </param>
          </params>
          <reporter-output>
          </reporter-output>
        </test-method> <!-- setUp -->
        <test-method status="PASS" signature="loginTest()[pri:3, instance:com.qa.orangehrm.tests.LoginPageTest@13e698c7]" name="loginTest" duration-ms="2021" started-at="2020-10-19T09:42:35 EDT" description="verify valid login credentials" finished-at="2020-10-19T09:42:37 EDT">
          <reporter-output>
          </reporter-output>
        </test-method> <!-- loginTest -->
        <test-method status="PASS" signature="tearDown()[pri:0, instance:com.qa.orangehrm.tests.LoginPageTest@13e698c7]" name="tearDown" is-config="true" duration-ms="105" started-at="2020-10-19T09:42:37 EDT" finished-at="2020-10-19T09:42:37 EDT">
          <reporter-output>
          </reporter-output>
        </test-method> <!-- tearDown -->
      </class> <!-- com.qa.orangehrm.tests.LoginPageTest -->
      <class name="com.qa.orangehrm.tests.HomePageTest">
        <test-method status="PASS" signature="setUp()[pri:0, instance:com.qa.orangehrm.tests.HomePageTest@aed0151]" name="setUp" is-config="true" duration-ms="6377" started-at="2020-10-19T09:42:23 EDT" finished-at="2020-10-19T09:42:30 EDT">
          <reporter-output>
          </reporter-output>
        </test-method> <!-- setUp -->
        <test-method status="PASS" signature="verifyHomePageTitle()[pri:1, instance:com.qa.orangehrm.tests.HomePageTest@aed0151]" name="verifyHomePageTitle" duration-ms="10" started-at="2020-10-19T09:42:30 EDT" description="Verify Home Page" finished-at="2020-10-19T09:42:30 EDT">
          <reporter-output>
          </reporter-output>
        </test-method> <!-- verifyHomePageTitle -->
        <test-method status="PASS" signature="tearDown()[pri:0, instance:com.qa.orangehrm.tests.HomePageTest@aed0151]" name="tearDown" is-config="true" duration-ms="112" started-at="2020-10-19T09:42:30 EDT" finished-at="2020-10-19T09:42:30 EDT">
          <reporter-output>
          </reporter-output>
        </test-method> <!-- tearDown -->
        <test-method status="PASS" signature="setUp()[pri:0, instance:com.qa.orangehrm.tests.HomePageTest@aed0151]" name="setUp" is-config="true" duration-ms="5598" started-at="2020-10-19T09:42:30 EDT" finished-at="2020-10-19T09:42:35 EDT">
          <reporter-output>
          </reporter-output>
        </test-method> <!-- setUp -->
        <test-method status="PASS" signature="verifyHomePageHeader()[pri:2, instance:com.qa.orangehrm.tests.HomePageTest@aed0151]" name="verifyHomePageHeader" duration-ms="29" started-at="2020-10-19T09:42:35 EDT" description="Verify page header" finished-at="2020-10-19T09:42:35 EDT">
          <reporter-output>
          </reporter-output>
        </test-method> <!-- verifyHomePageHeader -->
        <test-method status="PASS" signature="tearDown()[pri:0, instance:com.qa.orangehrm.tests.HomePageTest@aed0151]" name="tearDown" is-config="true" duration-ms="156" started-at="2020-10-19T09:42:35 EDT" finished-at="2020-10-19T09:42:35 EDT">
          <reporter-output>
          </reporter-output>
        </test-method> <!-- tearDown -->
        <test-method status="PASS" signature="setUp()[pri:0, instance:com.qa.orangehrm.tests.HomePageTest@aed0151]" name="setUp" is-config="true" duration-ms="4237" started-at="2020-10-19T09:42:36 EDT" finished-at="2020-10-19T09:42:40 EDT">
          <reporter-output>
          </reporter-output>
        </test-method> <!-- setUp -->
        <test-method status="PASS" signature="verifyLoggedInUserAccount()[pri:3, instance:com.qa.orangehrm.tests.HomePageTest@aed0151]" name="verifyLoggedInUserAccount" duration-ms="26" started-at="2020-10-19T09:42:40 EDT" description="Verify account name " finished-at="2020-10-19T09:42:40 EDT">
          <reporter-output>
          </reporter-output>
        </test-method> <!-- verifyLoggedInUserAccount -->
        <test-method status="PASS" signature="tearDown()[pri:0, instance:com.qa.orangehrm.tests.HomePageTest@aed0151]" name="tearDown" is-config="true" duration-ms="105" started-at="2020-10-19T09:42:40 EDT" finished-at="2020-10-19T09:42:40 EDT">
          <reporter-output>
          </reporter-output>
        </test-method> <!-- tearDown -->
        <test-method status="PASS" signature="setUp()[pri:0, instance:com.qa.orangehrm.tests.HomePageTest@aed0151]" name="setUp" is-config="true" duration-ms="3807" started-at="2020-10-19T09:42:40 EDT" finished-at="2020-10-19T09:42:44 EDT">
          <reporter-output>
          </reporter-output>
        </test-method> <!-- setUp -->
        <test-method status="PASS" signature="verifyAuthentication()[pri:4, instance:com.qa.orangehrm.tests.HomePageTest@aed0151]" name="verifyAuthentication" duration-ms="8" started-at="2020-10-19T09:42:44 EDT" description="Verify URL " finished-at="2020-10-19T09:42:44 EDT">
          <reporter-output>
          </reporter-output>
        </test-method> <!-- verifyAuthentication -->
        <test-method status="PASS" signature="tearDown()[pri:0, instance:com.qa.orangehrm.tests.HomePageTest@aed0151]" name="tearDown" is-config="true" duration-ms="106" started-at="2020-10-19T09:42:44 EDT" finished-at="2020-10-19T09:42:44 EDT">
          <reporter-output>
          </reporter-output>
        </test-method> <!-- tearDown -->
      </class> <!-- com.qa.orangehrm.tests.HomePageTest -->
    </test> <!-- Orange HRM Regression Tests - chrome -->
    <test name="Orange HRM Regression Tests -- firefox" duration-ms="24845" started-at="2020-10-19T09:42:22 EDT" finished-at="2020-10-19T09:42:47 EDT">
      <class name="com.qa.orangehrm.tests.LoginPageTest">
        <test-method status="PASS" signature="setUp(java.lang.String)[pri:0, instance:com.qa.orangehrm.tests.LoginPageTest@89c65d5]" name="setUp" is-config="true" duration-ms="9492" started-at="2020-10-19T09:42:23 EDT" finished-at="2020-10-19T09:42:33 EDT">
          <params>
            <param index="0">
              <value>
                <![CDATA[firefox]]>
              </value>
            </param>
          </params>
          <reporter-output>
          </reporter-output>
        </test-method> <!-- setUp -->
        <test-method status="PASS" signature="verifyLoginPageTitle()[pri:1, instance:com.qa.orangehrm.tests.LoginPageTest@89c65d5]" name="verifyLoginPageTitle" duration-ms="12" started-at="2020-10-19T09:42:33 EDT" description="verify page title method" finished-at="2020-10-19T09:42:33 EDT">
          <reporter-output>
          </reporter-output>
        </test-method> <!-- verifyLoginPageTitle -->
        <test-method status="PASS" signature="tearDown()[pri:0, instance:com.qa.orangehrm.tests.LoginPageTest@89c65d5]" name="tearDown" is-config="true" duration-ms="803" started-at="2020-10-19T09:42:33 EDT" finished-at="2020-10-19T09:42:34 EDT">
          <reporter-output>
          </reporter-output>
        </test-method> <!-- tearDown -->
        <test-method status="PASS" signature="setUp(java.lang.String)[pri:0, instance:com.qa.orangehrm.tests.LoginPageTest@89c65d5]" name="setUp" is-config="true" duration-ms="5434" started-at="2020-10-19T09:42:34 EDT" finished-at="2020-10-19T09:42:39 EDT">
          <params>
            <param index="0">
              <value>
                <![CDATA[firefox]]>
              </value>
            </param>
          </params>
          <reporter-output>
          </reporter-output>
        </test-method> <!-- setUp -->
        <test-method status="PASS" signature="verifyForgetPassLink()[pri:2, instance:com.qa.orangehrm.tests.LoginPageTest@89c65d5]" name="verifyForgetPassLink" duration-ms="128" started-at="2020-10-19T09:42:39 EDT" description="verify forget password link method" finished-at="2020-10-19T09:42:39 EDT">
          <reporter-output>
          </reporter-output>
        </test-method> <!-- verifyForgetPassLink -->
        <test-method status="PASS" signature="tearDown()[pri:0, instance:com.qa.orangehrm.tests.LoginPageTest@89c65d5]" name="tearDown" is-config="true" duration-ms="679" started-at="2020-10-19T09:42:39 EDT" finished-at="2020-10-19T09:42:40 EDT">
          <reporter-output>
          </reporter-output>
        </test-method> <!-- tearDown -->
        <test-method status="PASS" signature="setUp(java.lang.String)[pri:0, instance:com.qa.orangehrm.tests.LoginPageTest@89c65d5]" name="setUp" is-config="true" duration-ms="5111" started-at="2020-10-19T09:42:40 EDT" finished-at="2020-10-19T09:42:45 EDT">
          <params>
            <param index="0">
              <value>
                <![CDATA[firefox]]>
              </value>
            </param>
          </params>
          <reporter-output>
          </reporter-output>
        </test-method> <!-- setUp -->
        <test-method status="PASS" signature="loginTest()[pri:3, instance:com.qa.orangehrm.tests.LoginPageTest@89c65d5]" name="loginTest" duration-ms="1308" started-at="2020-10-19T09:42:45 EDT" description="verify valid login credentials" finished-at="2020-10-19T09:42:46 EDT">
          <reporter-output>
          </reporter-output>
        </test-method> <!-- loginTest -->
        <test-method status="PASS" signature="tearDown()[pri:0, instance:com.qa.orangehrm.tests.LoginPageTest@89c65d5]" name="tearDown" is-config="true" duration-ms="539" started-at="2020-10-19T09:42:46 EDT" finished-at="2020-10-19T09:42:47 EDT">
          <reporter-output>
          </reporter-output>
        </test-method> <!-- tearDown -->
      </class> <!-- com.qa.orangehrm.tests.LoginPageTest -->
      <class name="com.qa.orangehrm.tests.HomePageTest">
        <test-method status="PASS" signature="setUp()[pri:0, instance:com.qa.orangehrm.tests.HomePageTest@faa3fed]" name="setUp" is-config="true" duration-ms="6441" started-at="2020-10-19T09:42:23 EDT" finished-at="2020-10-19T09:42:30 EDT">
          <reporter-output>
          </reporter-output>
        </test-method> <!-- setUp -->
        <test-method status="PASS" signature="verifyHomePageTitle()[pri:1, instance:com.qa.orangehrm.tests.HomePageTest@faa3fed]" name="verifyHomePageTitle" duration-ms="10" started-at="2020-10-19T09:42:30 EDT" description="Verify Home Page" finished-at="2020-10-19T09:42:30 EDT">
          <reporter-output>
          </reporter-output>
        </test-method> <!-- verifyHomePageTitle -->
        <test-method status="PASS" signature="tearDown()[pri:0, instance:com.qa.orangehrm.tests.HomePageTest@faa3fed]" name="tearDown" is-config="true" duration-ms="98" started-at="2020-10-19T09:42:30 EDT" finished-at="2020-10-19T09:42:30 EDT">
          <reporter-output>
          </reporter-output>
        </test-method> <!-- tearDown -->
        <test-method status="PASS" signature="setUp()[pri:0, instance:com.qa.orangehrm.tests.HomePageTest@faa3fed]" name="setUp" is-config="true" duration-ms="5204" started-at="2020-10-19T09:42:30 EDT" finished-at="2020-10-19T09:42:35 EDT">
          <reporter-output>
          </reporter-output>
        </test-method> <!-- setUp -->
        <test-method status="PASS" signature="verifyHomePageHeader()[pri:2, instance:com.qa.orangehrm.tests.HomePageTest@faa3fed]" name="verifyHomePageHeader" duration-ms="32" started-at="2020-10-19T09:42:35 EDT" description="Verify page header" finished-at="2020-10-19T09:42:35 EDT">
          <reporter-output>
          </reporter-output>
        </test-method> <!-- verifyHomePageHeader -->
        <test-method status="PASS" signature="tearDown()[pri:0, instance:com.qa.orangehrm.tests.HomePageTest@faa3fed]" name="tearDown" is-config="true" duration-ms="88" started-at="2020-10-19T09:42:35 EDT" finished-at="2020-10-19T09:42:35 EDT">
          <reporter-output>
          </reporter-output>
        </test-method> <!-- tearDown -->
        <test-method status="PASS" signature="setUp()[pri:0, instance:com.qa.orangehrm.tests.HomePageTest@faa3fed]" name="setUp" is-config="true" duration-ms="4133" started-at="2020-10-19T09:42:35 EDT" finished-at="2020-10-19T09:42:39 EDT">
          <reporter-output>
          </reporter-output>
        </test-method> <!-- setUp -->
        <test-method status="PASS" signature="verifyLoggedInUserAccount()[pri:3, instance:com.qa.orangehrm.tests.HomePageTest@faa3fed]" name="verifyLoggedInUserAccount" duration-ms="25" started-at="2020-10-19T09:42:39 EDT" description="Verify account name " finished-at="2020-10-19T09:42:39 EDT">
          <reporter-output>
          </reporter-output>
        </test-method> <!-- verifyLoggedInUserAccount -->
        <test-method status="PASS" signature="tearDown()[pri:0, instance:com.qa.orangehrm.tests.HomePageTest@faa3fed]" name="tearDown" is-config="true" duration-ms="101" started-at="2020-10-19T09:42:39 EDT" finished-at="2020-10-19T09:42:39 EDT">
          <reporter-output>
          </reporter-output>
        </test-method> <!-- tearDown -->
        <test-method status="PASS" signature="setUp()[pri:0, instance:com.qa.orangehrm.tests.HomePageTest@faa3fed]" name="setUp" is-config="true" duration-ms="4337" started-at="2020-10-19T09:42:39 EDT" finished-at="2020-10-19T09:42:44 EDT">
          <reporter-output>
          </reporter-output>
        </test-method> <!-- setUp -->
        <test-method status="PASS" signature="verifyAuthentication()[pri:4, instance:com.qa.orangehrm.tests.HomePageTest@faa3fed]" name="verifyAuthentication" duration-ms="10" started-at="2020-10-19T09:42:44 EDT" description="Verify URL " finished-at="2020-10-19T09:42:44 EDT">
          <reporter-output>
          </reporter-output>
        </test-method> <!-- verifyAuthentication -->
        <test-method status="PASS" signature="tearDown()[pri:0, instance:com.qa.orangehrm.tests.HomePageTest@faa3fed]" name="tearDown" is-config="true" duration-ms="101" started-at="2020-10-19T09:42:44 EDT" finished-at="2020-10-19T09:42:44 EDT">
          <reporter-output>
          </reporter-output>
        </test-method> <!-- tearDown -->
      </class> <!-- com.qa.orangehrm.tests.HomePageTest -->
    </test> <!-- Orange HRM Regression Tests - firefox -->
  </suite> <!-- Orange HRM Regression Suite -->
</testng-results>
